{
  "Cucumber Features": {
    "coverage": {
      "/workspace/sweng-project-arronHealy/app/models/article.rb": {
        "lines": [
          1,
          1,
          1,
          null,
          1,
          1,
          null,
          null
        ]
      },
      "/workspace/sweng-project-arronHealy/app/controllers/articles_controller.rb": {
        "lines": [
          1,
          null,
          1,
          null,
          1,
          null,
          null,
          1,
          null,
          5,
          null,
          null,
          5,
          3,
          null,
          null,
          null,
          2,
          null,
          1,
          null,
          1,
          null,
          null,
          null,
          null,
          1,
          null,
          2,
          null,
          null,
          2,
          1,
          1,
          null,
          null,
          null,
          1,
          null,
          null,
          1,
          0,
          0,
          null,
          null,
          null,
          1,
          3,
          null,
          null,
          1,
          null,
          null,
          1,
          null,
          null,
          1,
          null,
          0,
          null,
          null,
          0,
          0,
          0,
          null,
          null,
          0,
          0,
          null,
          null,
          null,
          1,
          1,
          null,
          null,
          1,
          null,
          1,
          null,
          null,
          1,
          1,
          1,
          null,
          null,
          0,
          0,
          null,
          null,
          null,
          1,
          null,
          0,
          null,
          0,
          null,
          0,
          0,
          null,
          null,
          null
        ]
      },
      "/workspace/sweng-project-arronHealy/app/controllers/application_controller.rb": {
        "lines": [
          1,
          null,
          null,
          1,
          null
        ]
      },
      "/workspace/sweng-project-arronHealy/app/helpers/application_helper.rb": {
        "lines": [
          1,
          null,
          1,
          null,
          null,
          null,
          38,
          null,
          null,
          38,
          null,
          38,
          null,
          null,
          38,
          null,
          38,
          null,
          null,
          null
        ]
      },
      "/workspace/sweng-project-arronHealy/app/models/user.rb": {
        "lines": [
          1,
          51,
          1,
          null,
          1,
          null,
          null,
          null,
          null,
          1,
          null,
          1,
          7,
          null,
          null,
          null
        ]
      },
      "/workspace/sweng-project-arronHealy/app/controllers/users_controller.rb": {
        "lines": [
          1,
          null,
          1,
          4,
          null,
          null,
          1,
          null,
          6,
          null,
          null,
          6,
          4,
          null,
          null,
          null,
          2,
          null,
          1,
          null,
          1,
          null,
          null,
          null,
          1,
          2,
          null,
          null,
          1,
          3,
          null,
          null,
          1,
          3,
          null,
          null,
          1,
          2,
          null,
          2,
          1,
          1,
          null,
          1,
          1,
          null,
          null,
          null,
          1,
          2,
          null,
          2,
          1,
          1,
          null,
          1,
          1,
          null,
          null,
          null,
          null
        ]
      },
      "/workspace/sweng-project-arronHealy/app/controllers/sessions_controller.rb": {
        "lines": [
          1,
          null,
          1,
          null,
          null,
          1,
          2,
          null,
          2,
          1,
          1,
          1,
          null,
          1,
          1,
          null,
          null,
          null,
          1,
          0,
          0,
          0,
          null,
          null
        ]
      }
    },
    "timestamp": 1588698363
  },
  "RSpec": {
    "coverage": {
      "/workspace/sweng-project-arronHealy/app/helpers/application_helper.rb": {
        "lines": [
          1,
          null,
          1,
          null,
          null,
          null,
          0,
          null,
          null,
          0,
          null,
          0,
          null,
          null,
          0,
          null,
          0,
          null,
          null,
          null
        ]
      },
      "/workspace/sweng-project-arronHealy/app/controllers/articles_controller.rb": {
        "lines": [
          1,
          null,
          1,
          null,
          4,
          null,
          null,
          1,
          null,
          0,
          null,
          null,
          0,
          0,
          null,
          null,
          null,
          0,
          null,
          0,
          null,
          0,
          null,
          null,
          null,
          null,
          1,
          null,
          3,
          null,
          null,
          3,
          1,
          1,
          null,
          null,
          null,
          2,
          null,
          null,
          2,
          1,
          1,
          null,
          null,
          null,
          1,
          0,
          null,
          null,
          1,
          null,
          null,
          1,
          null,
          null,
          1,
          null,
          2,
          null,
          null,
          2,
          1,
          1,
          null,
          null,
          1,
          1,
          null,
          null,
          null,
          1,
          0,
          null,
          null,
          1,
          null,
          2,
          null,
          null,
          2,
          1,
          1,
          null,
          null,
          1,
          1,
          null,
          null,
          null,
          1,
          null,
          1,
          null,
          1,
          null,
          1,
          1,
          null,
          null,
          null
        ]
      },
      "/workspace/sweng-project-arronHealy/app/controllers/application_controller.rb": {
        "lines": [
          1,
          null,
          null,
          1,
          null
        ]
      },
      "/workspace/sweng-project-arronHealy/app/controllers/sessions_controller.rb": {
        "lines": [
          1,
          null,
          1,
          null,
          null,
          1,
          2,
          null,
          2,
          1,
          1,
          1,
          null,
          1,
          1,
          null,
          null,
          null,
          1,
          1,
          1,
          1,
          null,
          null
        ]
      },
      "/workspace/sweng-project-arronHealy/app/controllers/users_controller.rb": {
        "lines": [
          1,
          null,
          1,
          4,
          null,
          null,
          1,
          null,
          0,
          null,
          null,
          0,
          0,
          null,
          null,
          null,
          0,
          null,
          0,
          null,
          0,
          null,
          null,
          null,
          1,
          0,
          null,
          null,
          1,
          0,
          null,
          null,
          1,
          0,
          null,
          null,
          1,
          2,
          null,
          2,
          1,
          1,
          null,
          1,
          1,
          null,
          null,
          null,
          1,
          2,
          null,
          2,
          1,
          1,
          null,
          1,
          1,
          null,
          null,
          null,
          null
        ]
      },
      "/workspace/sweng-project-arronHealy/app/models/article.rb": {
        "lines": [
          1,
          1,
          1,
          null,
          1,
          2,
          null,
          null
        ]
      },
      "/workspace/sweng-project-arronHealy/app/models/user.rb": {
        "lines": [
          1,
          4,
          1,
          null,
          1,
          null,
          null,
          null,
          null,
          1,
          null,
          1,
          2,
          null,
          null,
          null
        ]
      }
    },
    "timestamp": 1588698376
  }
}
